2025-10-22 10:51:28.692 +05:30 [INF] Serilog configured from serilog.config.json
2025-10-22 10:51:28.887 +05:30 [INF] OpenTelemetry configured (Enable=true).
2025-10-22 10:53:52.759 +05:30 [WRN] Failed to determine the https port for redirect.
2025-10-22 10:53:52.806 +05:30 [INF] Diagnostics ping received. TraceId=1b9d7d2303f0ed9c311b9100409cddb8
2025-10-22 10:53:52.864 +05:30 [INF] HTTP GET /api/Diagnostics/ping responded 200 in 263.4677 ms
2025-10-22 11:00:58.273 +05:30 [INF] Diagnostics ping received. TraceId=d6aab127774459b5e7a82a3ce035a3d6
2025-10-22 11:00:58.280 +05:30 [INF] HTTP GET /api/Diagnostics/ping responded 200 in 58.7142 ms
2025-10-22 11:00:59.147 +05:30 [INF] Diagnostics ping received. TraceId=ebc982f4583261a191a2fdbe463f9718
2025-10-22 11:00:59.149 +05:30 [INF] HTTP GET /api/Diagnostics/ping responded 200 in 3.8110 ms
2025-10-22 11:00:59.976 +05:30 [INF] Diagnostics ping received. TraceId=28a2575dee13dc33263b283dbbb59672
2025-10-22 11:00:59.984 +05:30 [INF] HTTP GET /api/Diagnostics/ping responded 200 in 8.5672 ms
2025-10-22 11:01:00.844 +05:30 [INF] Diagnostics ping received. TraceId=f860fedea287460e8d6187ae6579799f
2025-10-22 11:01:00.847 +05:30 [INF] HTTP GET /api/Diagnostics/ping responded 200 in 2.7325 ms
2025-10-22 11:01:01.806 +05:30 [INF] Diagnostics ping received. TraceId=6852110a5ad522e88d8dad2b9b39b005
2025-10-22 11:01:01.809 +05:30 [INF] HTTP GET /api/Diagnostics/ping responded 200 in 2.3949 ms
2025-10-22 11:02:27.025 +05:30 [INF] Listing profiles, skip 0, take 50
2025-10-22 11:02:27.243 +05:30 [INF] HTTP GET /api/Profiles responded 200 in 384.1767 ms
2025-10-22 11:02:47.032 +05:30 [INF] Listing profiles, skip 0, take 50
2025-10-22 11:02:47.057 +05:30 [INF] HTTP GET /api/Profiles responded 200 in 34.1741 ms
2025-10-22 11:03:16.474 +05:30 [INF] Retrieving profile with ID "aaaaaaaa-aaaa-aaaa-aaaa-aaaaaaaaaaaa"
2025-10-22 11:03:16.500 +05:30 [INF] Profile with ID "aaaaaaaa-aaaa-aaaa-aaaa-aaaaaaaaaaaa" retrieved
2025-10-22 11:03:16.504 +05:30 [INF] HTTP GET /api/Profiles/aaaaaaaa-aaaa-aaaa-aaaa-aaaaaaaaaaaa responded 200 in 41.2100 ms
2025-10-22 11:03:24.813 +05:30 [INF] Retrieving profile with ID "aaaaaaaa-aaaa-aaaa-aaaa-aaaaaaaaaaaa"
2025-10-22 11:03:24.817 +05:30 [INF] Profile with ID "aaaaaaaa-aaaa-aaaa-aaaa-aaaaaaaaaaaa" retrieved
2025-10-22 11:03:24.821 +05:30 [INF] HTTP GET /api/Profiles/aaaaaaaa-aaaa-aaaa-aaaa-aaaaaaaaaaaa responded 200 in 8.7317 ms
2025-10-22 11:11:34.673 +05:30 [INF] Serilog configured from serilog.config.json
2025-10-22 11:11:34.806 +05:30 [INF] OpenTelemetry configured (Enable=true).
2025-10-22 11:12:05.845 +05:30 [WRN] Failed to determine the https port for redirect.
2025-10-22 11:12:06.030 +05:30 [INF] HTTP GET /api/RiskAssessments/aaaaaaaa-aaaa-aaaa-aaaa-aaaaaaaaaaaa responded 404 in 307.3984 ms
2025-10-22 11:12:28.326 +05:30 [INF] Listing profiles, skip 0, take 50
2025-10-22 11:12:28.361 +05:30 [INF] HTTP GET /api/Profiles responded 200 in 59.1803 ms
2025-10-22 11:12:49.227 +05:30 [INF] HTTP GET /api/RiskAssessments/by-profile/aaaaaaaa-aaaa-aaaa-aaaa-aaaaaaaaaaaa responded 200 in 21.9844 ms
2025-10-22 11:14:02.204 +05:30 [INF] Serilog configured from serilog.config.json
2025-10-22 11:14:04.554 +05:30 [INF] OpenTelemetry configured (Enable=true).
2025-10-22 11:14:17.866 +05:30 [WRN] Failed to determine the https port for redirect.
2025-10-22 11:14:18.001 +05:30 [INF] HTTP GET /api/RiskAssessments/by-profile/aaaaaaaa-aaaa-aaaa-aaaa-aaaaaaaaaaab responded 200 in 224.0484 ms
2025-10-22 11:14:27.490 +05:30 [INF] HTTP GET /api/RiskAssessments/by-profile/aaaaaaaa-aaaa-aaaa-aaaa-aaaaaaaaaaab responded 200 in 15.6139 ms
2025-10-22 11:35:19.441 +05:30 [INF] Serilog configured from serilog.config.json
2025-10-22 11:35:22.143 +05:30 [INF] OpenTelemetry configured (Enable=true).
2025-10-22 11:35:25.144 +05:30 [INF] HTTP GET /swagger/v1/swagger.json responded 200 in 295.0500 ms
2025-10-22 11:36:20.857 +05:30 [WRN] Failed to determine the https port for redirect.
2025-10-22 11:36:20.923 +05:30 [INF] Listing earning records for ProfileId "aaaaaaaa-aaaa-aaaa-aaaa-aaaaaaaaaaaa", skip 0, take 50
2025-10-22 11:36:21.008 +05:30 [INF] HTTP GET /api/Earnings/by-profile/aaaaaaaa-aaaa-aaaa-aaaa-aaaaaaaaaaaa responded 200 in 209.7125 ms
2025-10-22 11:36:29.561 +05:30 [INF] Listing earning records for ProfileId "aaaaaaaa-aaaa-aaaa-aaaa-aaaaaaaaaaab", skip 0, take 50
2025-10-22 11:36:29.567 +05:30 [INF] HTTP GET /api/Earnings/by-profile/aaaaaaaa-aaaa-aaaa-aaaa-aaaaaaaaaaab responded 200 in 26.9950 ms
2025-10-22 11:43:22.966 +05:30 [INF] Serilog configured from serilog.config.json
2025-10-22 11:43:25.769 +05:30 [INF] OpenTelemetry configured (Enable=true).
2025-10-22 11:43:37.615 +05:30 [INF] HTTP GET /swagger/v1/swagger.json responded 200 in 326.4515 ms
2025-10-22 13:10:47.236 +05:30 [INF] Serilog configured from serilog.config.json
2025-10-22 13:10:50.077 +05:30 [INF] OpenTelemetry configured (Enable=true).
2025-10-22 13:10:56.633 +05:30 [INF] HTTP GET /swagger/index.html responded 200 in 110.5229 ms
2025-10-22 13:10:56.722 +05:30 [INF] HTTP GET /swagger/favicon-32x32.png responded 200 in 23.9250 ms
2025-10-22 13:10:56.788 +05:30 [INF] HTTP GET /swagger/v1/swagger.json responded 200 in 93.8598 ms
2025-10-22 13:11:17.764 +05:30 [WRN] Failed to determine the https port for redirect.
2025-10-22 13:11:17.879 +05:30 [INF] HTTP POST /api/Profiles responded 400 in 119.1624 ms
2025-10-22 13:20:13.303 +05:30 [INF] Serilog configured from serilog.config.json
2025-10-22 13:20:15.725 +05:30 [INF] OpenTelemetry configured (Enable=true).
2025-10-22 13:20:31.243 +05:30 [WRN] Failed to determine the https port for redirect.
2025-10-22 13:20:31.327 +05:30 [INF] Listing profiles, skip 0, take 50
2025-10-22 13:20:31.406 +05:30 [INF] HTTP GET /api/Profiles responded 200 in 307.1456 ms
2025-10-22 13:24:41.317 +05:30 [INF] HTTP GET /api/RiskAssessments/by-profile/bbbbbbbb-bbbb-bbbb-bbbb-bbbbbbbbbbbb responded 200 in 147.9210 ms
2025-10-22 13:33:30.042 +05:30 [INF] Serilog configured from serilog.config.json
2025-10-22 13:33:30.568 +05:30 [INF] OpenTelemetry configured (Enable=true).
2025-10-22 13:33:57.214 +05:30 [WRN] Failed to determine the https port for redirect.
2025-10-22 13:33:57.584 +05:30 [INF] HTTP GET /api/RiskAssessments/by-profile/bbbbbbbb-bbbb-bbbb-bbbb-bbbbbbbbbbbb responded 200 in 498.0533 ms
2025-10-22 14:15:49.000 +05:30 [INF] Serilog configured from serilog.config.json
2025-10-22 14:15:49.115 +05:30 [INF] OpenTelemetry configured (Enable=true).
2025-10-22 14:16:06.360 +05:30 [INF] HTTP GET /swagger/v1/swagger.json responded 200 in 387.4826 ms
2025-10-22 14:16:33.435 +05:30 [WRN] Failed to determine the https port for redirect.
2025-10-22 14:16:33.631 +05:30 [INF] Listing profiles, skip 0, take 50
2025-10-22 14:16:33.833 +05:30 [INF] HTTP GET /api/Profiles responded 200 in 427.5574 ms
2025-10-22 14:16:49.844 +05:30 [INF] HTTP GET /api/RiskAssessments/by-profile/bbbbbbbb-bbbb-bbbb-bbbb-bbbbbbbbbbbb responded 200 in 100.8401 ms
2025-10-22 16:23:44.728 +05:30 [INF] HTTP POST /api/Earnings responded 400 in 88.6034 ms
